------------------------------------------------------------
/home/liujiawei/django/env/bin/pip run on Wed Feb 24 20:57:59 2016
Downloading/unpacking django-admin-bootstrap
  Getting page https://pypi.python.org/simple/django-admin-bootstrap/
  Could not fetch URL https://pypi.python.org/simple/django-admin-bootstrap/: 404 Client Error: Not Found
  Will skip URL https://pypi.python.org/simple/django-admin-bootstrap/ when looking for download links for django-admin-bootstrap
  Getting page https://pypi.python.org/simple/
  URLs to search for versions for django-admin-bootstrap:
  * https://pypi.python.org/simple/django-admin-bootstrap/
  Getting page https://pypi.python.org/simple/django-admin-bootstrap/
  Could not fetch URL https://pypi.python.org/simple/django-admin-bootstrap/: 404 Client Error: Not Found
  Will skip URL https://pypi.python.org/simple/django-admin-bootstrap/ when looking for download links for django-admin-bootstrap
  Could not find any downloads that satisfy the requirement django-admin-bootstrap
Cleaning up...
No distributions at all found for django-admin-bootstrap
Exception information:
Traceback (most recent call last):
  File "/home/liujiawei/django/env/local/lib/python2.7/site-packages/pip/basecommand.py", line 122, in main
    status = self.run(options, args)
  File "/home/liujiawei/django/env/local/lib/python2.7/site-packages/pip/commands/install.py", line 304, in run
    requirement_set.prepare_files(finder, force_root_egg_info=self.bundle, bundle=self.bundle)
  File "/home/liujiawei/django/env/local/lib/python2.7/site-packages/pip/req.py", line 1178, in prepare_files
    url = finder.find_requirement(req_to_install, upgrade=self.upgrade)
  File "/home/liujiawei/django/env/local/lib/python2.7/site-packages/pip/index.py", line 277, in find_requirement
    raise DistributionNotFound('No distributions at all found for %s' % req)
DistributionNotFound: No distributions at all found for django-admin-bootstrap
