2015-09-30 17:40:12,751:751.260042191 - ubuntu_sso.utils.translation - WARNING - Translations not found, using null translator.
2015-09-30 17:40:12,987:987.986087799 - ubuntu_sso.main - INFO - Setting up Ubuntu SSO service.
2015-09-30 17:40:13,136:136.521100998 - ubuntu_sso.main - INFO - Ubuntu SSO service started.
2015-09-30 17:40:13,136:136.697053909 - ubuntu_sso.account - INFO - Creating a new SSO access layer for service url u'https://login.ubuntu.com/api/1.0/'
2015-09-30 17:40:13,183:183.038949966 - ubuntu_sso.credentials - INFO - find_credentials: self.app_name dbus.String(u'Ubuntu Software Center'), result is {}? True
2015-09-30 17:40:13,184:184.027910233 - ubuntu_sso.main - INFO - 'CredentialsManagement': emitting 'CredentialsNotFound' with args (dbus.String(u'Ubuntu Software Center'),) and kwargs {}
2015-09-30 17:40:23,195:195.888996124 - ubuntu_sso.main - INFO - Shutting down, calling <function shutdown_func at 0x7f0c1d1a1398>.
2015-09-30 17:45:13,228:228.178024292 - ubuntu_sso.utils.translation - WARNING - Translations not found, using null translator.
2015-09-30 17:45:13,284:284.797906876 - ubuntu_sso.main - INFO - Setting up Ubuntu SSO service.
2015-09-30 17:45:13,305:305.672883987 - ubuntu_sso.main - INFO - Ubuntu SSO service started.
2015-09-30 17:45:13,305:305.859088898 - ubuntu_sso.account - INFO - Creating a new SSO access layer for service url u'https://login.ubuntu.com/api/1.0/'
2015-09-30 17:45:13,317:317.142009735 - ubuntu_sso.credentials - INFO - find_credentials: self.app_name dbus.String(u'Ubuntu Software Center'), result is {}? True
2015-09-30 17:45:13,317:317.361116409 - ubuntu_sso.main - INFO - 'CredentialsManagement': emitting 'CredentialsNotFound' with args (dbus.String(u'Ubuntu Software Center'),) and kwargs {}
2015-09-30 17:45:23,328:328.560113907 - ubuntu_sso.main - INFO - Shutting down, calling <function shutdown_func at 0x7f0a5d4ad398>.
2015-09-30 23:05:27,657:657.979011536 - ubuntu_sso.utils.translation - WARNING - Translations not found, using null translator.
2015-09-30 23:05:27,833:833.343982697 - ubuntu_sso.main - INFO - Setting up Ubuntu SSO service.
2015-09-30 23:05:27,935:935.461044312 - ubuntu_sso.main - INFO - Ubuntu SSO service started.
2015-09-30 23:05:27,935:935.631990433 - ubuntu_sso.account - INFO - Creating a new SSO access layer for service url u'https://login.ubuntu.com/api/1.0/'
2015-09-30 23:05:27,980:980.945110321 - ubuntu_sso.credentials - INFO - find_credentials: self.app_name dbus.String(u'Ubuntu Software Center'), result is {}? True
2015-09-30 23:05:27,981:981.152057648 - ubuntu_sso.main - INFO - 'CredentialsManagement': emitting 'CredentialsNotFound' with args (dbus.String(u'Ubuntu Software Center'),) and kwargs {}
2015-09-30 23:05:37,991:991.477966309 - ubuntu_sso.main - INFO - Shutting down, calling <function shutdown_func at 0x7fb1e75ca398>.
2015-09-30 23:10:28,179:179.301023483 - ubuntu_sso.utils.translation - WARNING - Translations not found, using null translator.
2015-09-30 23:10:28,213:213.522911072 - ubuntu_sso.main - INFO - Setting up Ubuntu SSO service.
2015-09-30 23:10:28,233:233.381986618 - ubuntu_sso.main - INFO - Ubuntu SSO service started.
2015-09-30 23:10:28,233:233.896017075 - ubuntu_sso.account - INFO - Creating a new SSO access layer for service url u'https://login.ubuntu.com/api/1.0/'
2015-09-30 23:10:28,277:277.084112167 - ubuntu_sso.credentials - INFO - find_credentials: self.app_name dbus.String(u'Ubuntu Software Center'), result is {}? True
2015-09-30 23:10:28,277:277.308940887 - ubuntu_sso.main - INFO - 'CredentialsManagement': emitting 'CredentialsNotFound' with args (dbus.String(u'Ubuntu Software Center'),) and kwargs {}
2015-09-30 23:10:38,288:288.182973862 - ubuntu_sso.main - INFO - Shutting down, calling <function shutdown_func at 0x7f68fbbd3398>.
2015-09-30 23:26:53,441:441.632986069 - ubuntu_sso.utils.translation - WARNING - Translations not found, using null translator.
2015-09-30 23:26:53,554:554.37707901 - ubuntu_sso.main - INFO - Setting up Ubuntu SSO service.
2015-09-30 23:26:53,609:609.039068222 - ubuntu_sso.main - INFO - Ubuntu SSO service started.
2015-09-30 23:26:53,609:609.23409462 - ubuntu_sso.account - INFO - Creating a new SSO access layer for service url u'https://login.ubuntu.com/api/1.0/'
2015-09-30 23:26:53,662:662.354946136 - ubuntu_sso.credentials - INFO - find_credentials: self.app_name dbus.String(u'Ubuntu One'), result is {}? True
2015-09-30 23:26:53,663:663.144111633 - ubuntu_sso.main - INFO - 'CredentialsManagement': emitting 'CredentialsNotFound' with args (dbus.String(u'Ubuntu One'),) and kwargs {}
2015-09-30 23:27:03,722:722.88608551 - ubuntu_sso.main - INFO - Shutting down, calling <function shutdown_func at 0x7f271abe3398>.
2015-09-30 23:27:07,801:801.908969879 - ubuntu_sso.utils.translation - WARNING - Translations not found, using null translator.
2015-09-30 23:27:08,054:54.7430515289 - ubuntu_sso.main - INFO - Setting up Ubuntu SSO service.
2015-09-30 23:27:08,279:279.505968094 - ubuntu_sso.main - INFO - Ubuntu SSO service started.
2015-09-30 23:27:08,279:279.709100723 - ubuntu_sso.account - INFO - Creating a new SSO access layer for service url u'https://login.ubuntu.com/api/1.0/'
2015-09-30 23:27:08,328:328.528881073 - ubuntu_sso.credentials - INFO - find_credentials: self.app_name dbus.String(u'Ubuntu One'), result is {}? True
2015-09-30 23:27:08,328:328.732967377 - ubuntu_sso.main - INFO - 'CredentialsManagement': emitting 'CredentialsNotFound' with args (dbus.String(u'Ubuntu One'),) and kwargs {}
2015-09-30 23:27:18,348:348.726987839 - ubuntu_sso.main - INFO - Shutting down, calling <function shutdown_func at 0x7f88aeb83398>.
2015-10-01 15:25:53,654:654.083967209 - ubuntu_sso.utils.translation - WARNING - Translations not found, using null translator.
2015-10-01 15:25:53,770:770.523071289 - ubuntu_sso.main - INFO - Setting up Ubuntu SSO service.
2015-10-01 15:25:53,836:836.735963821 - ubuntu_sso.main - INFO - Ubuntu SSO service started.
2015-10-01 15:25:53,836:836.91906929 - ubuntu_sso.account - INFO - Creating a new SSO access layer for service url u'https://login.ubuntu.com/api/1.0/'
2015-10-01 15:25:53,871:871.1810112 - ubuntu_sso.credentials - INFO - find_credentials: self.app_name dbus.String(u'Ubuntu Software Center'), result is {}? True
2015-10-01 15:25:53,871:871.370077133 - ubuntu_sso.main - INFO - 'CredentialsManagement': emitting 'CredentialsNotFound' with args (dbus.String(u'Ubuntu Software Center'),) and kwargs {}
2015-10-01 15:26:03,883:883.268117905 - ubuntu_sso.main - INFO - Shutting down, calling <function shutdown_func at 0x7f2f09287398>.
2015-10-01 15:30:54,578:578.104972839 - ubuntu_sso.utils.translation - WARNING - Translations not found, using null translator.
2015-10-01 15:30:54,633:633.100986481 - ubuntu_sso.main - INFO - Setting up Ubuntu SSO service.
2015-10-01 15:30:54,733:733.915090561 - ubuntu_sso.main - INFO - Ubuntu SSO service started.
2015-10-01 15:30:54,734:734.102964401 - ubuntu_sso.account - INFO - Creating a new SSO access layer for service url u'https://login.ubuntu.com/api/1.0/'
2015-10-01 15:30:54,830:830.596923828 - ubuntu_sso.credentials - INFO - find_credentials: self.app_name dbus.String(u'Ubuntu Software Center'), result is {}? True
2015-10-01 15:30:54,831:831.046104431 - ubuntu_sso.main - INFO - 'CredentialsManagement': emitting 'CredentialsNotFound' with args (dbus.String(u'Ubuntu Software Center'),) and kwargs {}
2015-10-01 15:31:04,842:842.147111893 - ubuntu_sso.main - INFO - Shutting down, calling <function shutdown_func at 0x7f09246df398>.
2015-10-01 17:42:26,531:531.949043274 - ubuntu_sso.utils.translation - WARNING - Translations not found, using null translator.
2015-10-01 17:42:26,680:680.720090866 - ubuntu_sso.main - INFO - Setting up Ubuntu SSO service.
2015-10-01 17:42:26,825:825.069904327 - ubuntu_sso.main - INFO - Ubuntu SSO service started.
2015-10-01 17:42:26,825:825.273990631 - ubuntu_sso.account - INFO - Creating a new SSO access layer for service url u'https://login.ubuntu.com/api/1.0/'
2015-10-01 17:42:27,200:200.501918793 - ubuntu_sso.credentials - INFO - find_credentials: self.app_name dbus.String(u'Ubuntu One'), result is {}? True
2015-10-01 17:42:27,200:200.709104538 - ubuntu_sso.main - INFO - 'CredentialsManagement': emitting 'CredentialsNotFound' with args (dbus.String(u'Ubuntu One'),) and kwargs {}
2015-10-01 17:42:37,346:346.561908722 - ubuntu_sso.main - INFO - Shutting down, calling <function shutdown_func at 0x7f1ad2719398>.
2015-10-01 17:43:33,814:814.130067825 - ubuntu_sso.utils.translation - WARNING - Translations not found, using null translator.
2015-10-01 17:43:33,851:851.597070694 - ubuntu_sso.main - INFO - Setting up Ubuntu SSO service.
2015-10-01 17:43:33,873:873.809099197 - ubuntu_sso.main - INFO - Ubuntu SSO service started.
2015-10-01 17:43:33,873:873.984098434 - ubuntu_sso.account - INFO - Creating a new SSO access layer for service url u'https://login.ubuntu.com/api/1.0/'
2015-10-01 17:43:33,920:920.315980911 - ubuntu_sso.credentials - INFO - find_credentials: self.app_name dbus.String(u'Ubuntu One'), result is {}? True
2015-10-01 17:43:33,920:920.521020889 - ubuntu_sso.main - INFO - 'CredentialsManagement': emitting 'CredentialsNotFound' with args (dbus.String(u'Ubuntu One'),) and kwargs {}
2015-10-01 17:43:44,094:94.6440696716 - ubuntu_sso.main - INFO - Shutting down, calling <function shutdown_func at 0x7f63b0de7398>.
2015-10-01 19:31:50,647:647.555112839 - ubuntu_sso.utils.translation - WARNING - Translations not found, using null translator.
2015-10-01 19:31:50,784:784.965991974 - ubuntu_sso.main - INFO - Setting up Ubuntu SSO service.
2015-10-01 19:31:50,868:868.246078491 - ubuntu_sso.main - INFO - Ubuntu SSO service started.
2015-10-01 19:31:50,868:868.422985077 - ubuntu_sso.account - INFO - Creating a new SSO access layer for service url u'https://login.ubuntu.com/api/1.0/'
2015-10-01 19:31:50,913:913.105964661 - ubuntu_sso.credentials - INFO - find_credentials: self.app_name dbus.String(u'Ubuntu One'), result is {}? True
2015-10-01 19:31:50,913:913.552045822 - ubuntu_sso.main - INFO - 'CredentialsManagement': emitting 'CredentialsNotFound' with args (dbus.String(u'Ubuntu One'),) and kwargs {}
2015-10-01 19:32:00,942:942.787885666 - ubuntu_sso.main - INFO - Shutting down, calling <function shutdown_func at 0x7f47cf79a398>.
2015-10-01 19:32:02,592:592.828989029 - ubuntu_sso.utils.translation - WARNING - Translations not found, using null translator.
2015-10-01 19:32:02,688:688.6510849 - ubuntu_sso.main - INFO - Setting up Ubuntu SSO service.
2015-10-01 19:32:02,754:754.184961319 - ubuntu_sso.main - INFO - Ubuntu SSO service started.
2015-10-01 19:32:02,754:754.365921021 - ubuntu_sso.account - INFO - Creating a new SSO access layer for service url u'https://login.ubuntu.com/api/1.0/'
2015-10-01 19:32:02,777:777.422904968 - ubuntu_sso.credentials - INFO - find_credentials: self.app_name dbus.String(u'Ubuntu One'), result is {}? True
2015-10-01 19:32:02,777:777.662038803 - ubuntu_sso.main - INFO - 'CredentialsManagement': emitting 'CredentialsNotFound' with args (dbus.String(u'Ubuntu One'),) and kwargs {}
2015-10-01 19:32:12,817:817.399024963 - ubuntu_sso.main - INFO - Shutting down, calling <function shutdown_func at 0x7f98efab5398>.
2015-10-01 19:40:38,153:153.774023056 - ubuntu_sso.utils.translation - WARNING - Translations not found, using null translator.
2015-10-01 19:40:38,186:186.201095581 - ubuntu_sso.main - INFO - Setting up Ubuntu SSO service.
2015-10-01 19:40:38,207:207.739114761 - ubuntu_sso.main - INFO - Ubuntu SSO service started.
2015-10-01 19:40:38,207:207.947015762 - ubuntu_sso.account - INFO - Creating a new SSO access layer for service url u'https://login.ubuntu.com/api/1.0/'
2015-10-01 19:40:38,229:229.145050049 - ubuntu_sso.credentials - INFO - find_credentials: self.app_name dbus.String(u'Ubuntu Software Center'), result is {}? True
2015-10-01 19:40:38,229:229.351997375 - ubuntu_sso.main - INFO - 'CredentialsManagement': emitting 'CredentialsNotFound' with args (dbus.String(u'Ubuntu Software Center'),) and kwargs {}
2015-10-01 19:40:48,238:238.624095917 - ubuntu_sso.main - INFO - Shutting down, calling <function shutdown_func at 0x7fc74430c398>.
2015-10-01 19:45:39,141:141.000986099 - ubuntu_sso.utils.translation - WARNING - Translations not found, using null translator.
2015-10-01 19:45:39,173:173.707008362 - ubuntu_sso.main - INFO - Setting up Ubuntu SSO service.
2015-10-01 19:45:39,196:196.882963181 - ubuntu_sso.main - INFO - Ubuntu SSO service started.
2015-10-01 19:45:39,197:197.056055069 - ubuntu_sso.account - INFO - Creating a new SSO access layer for service url u'https://login.ubuntu.com/api/1.0/'
2015-10-01 19:45:39,202:202.358961105 - ubuntu_sso.credentials - INFO - find_credentials: self.app_name dbus.String(u'Ubuntu Software Center'), result is {}? True
2015-10-01 19:45:39,202:202.555894852 - ubuntu_sso.main - INFO - 'CredentialsManagement': emitting 'CredentialsNotFound' with args (dbus.String(u'Ubuntu Software Center'),) and kwargs {}
2015-10-01 19:45:49,212:212.713003159 - ubuntu_sso.main - INFO - Shutting down, calling <function shutdown_func at 0x7f7a25840398>.
2015-10-01 20:05:11,320:320.534944534 - ubuntu_sso.utils.translation - WARNING - Translations not found, using null translator.
2015-10-01 20:05:11,351:351.788043976 - ubuntu_sso.main - INFO - Setting up Ubuntu SSO service.
2015-10-01 20:05:11,370:370.945930481 - ubuntu_sso.main - INFO - Ubuntu SSO service started.
2015-10-01 20:05:11,371:371.121883392 - ubuntu_sso.account - INFO - Creating a new SSO access layer for service url u'https://login.ubuntu.com/api/1.0/'
2015-10-01 20:05:11,412:412.353992462 - ubuntu_sso.credentials - INFO - find_credentials: self.app_name dbus.String(u'Ubuntu One'), result is {}? True
2015-10-01 20:05:11,412:412.569046021 - ubuntu_sso.main - INFO - 'CredentialsManagement': emitting 'CredentialsNotFound' with args (dbus.String(u'Ubuntu One'),) and kwargs {}
2015-10-01 20:05:19,407:407.228946686 - ubuntu_sso.credentials - INFO - find_credentials: self.app_name dbus.String(u'Ubuntu One'), result is {}? True
2015-10-01 20:05:19,420:420.030117035 - ubuntu_sso.main - INFO - 'CredentialsManagement': emitting 'CredentialsNotFound' with args (dbus.String(u'Ubuntu One'),) and kwargs {}
2015-10-01 20:05:21,436:436.652898788 - ubuntu_sso.main - INFO - Shutting down, calling <function shutdown_func at 0x7f6ea3275398>.
2015-10-01 20:05:36,707:707.343101501 - ubuntu_sso.utils.translation - WARNING - Translations not found, using null translator.
2015-10-01 20:05:36,792:792.211055756 - ubuntu_sso.main - INFO - Setting up Ubuntu SSO service.
2015-10-01 20:05:36,877:877.795934677 - ubuntu_sso.main - INFO - Ubuntu SSO service started.
2015-10-01 20:05:36,878:878.082036972 - ubuntu_sso.account - INFO - Creating a new SSO access layer for service url u'https://login.ubuntu.com/api/1.0/'
2015-10-01 20:05:36,892:892.90189743 - ubuntu_sso.credentials - INFO - find_credentials: self.app_name dbus.String(u'Ubuntu Software Center'), result is {}? True
2015-10-01 20:05:36,893:893.112897873 - ubuntu_sso.main - INFO - 'CredentialsManagement': emitting 'CredentialsNotFound' with args (dbus.String(u'Ubuntu Software Center'),) and kwargs {}
2015-10-01 20:05:46,907:907.896995544 - ubuntu_sso.main - INFO - Shutting down, calling <function shutdown_func at 0x7f1c5ca14398>.
2016-02-23 19:12:23,368:368.472099304 - ubuntu_sso.utils.translation - WARNING - Translations not found, using null translator.
2016-02-23 19:12:23,575:575.55603981 - ubuntu_sso.main - INFO - Setting up Ubuntu SSO service.
2016-02-23 19:12:23,622:622.674942017 - ubuntu_sso.main - INFO - Ubuntu SSO service started.
2016-02-23 19:12:23,622:622.83205986 - ubuntu_sso.account - INFO - Creating a new SSO access layer for service url u'https://login.ubuntu.com/api/1.0/'
2016-02-23 19:12:23,673:673.638105392 - ubuntu_sso.credentials - INFO - find_credentials: self.app_name dbus.String(u'Ubuntu Software Center'), result is {}? True
2016-02-23 19:12:23,673:673.825025558 - ubuntu_sso.main - INFO - 'CredentialsManagement': emitting 'CredentialsNotFound' with args (dbus.String(u'Ubuntu Software Center'),) and kwargs {}
2016-02-23 19:12:33,686:686.91110611 - ubuntu_sso.main - INFO - Shutting down, calling <function shutdown_func at 0x7fcc09e9a398>.
2016-02-23 19:17:24,366:366.818904877 - ubuntu_sso.utils.translation - WARNING - Translations not found, using null translator.
2016-02-23 19:17:24,397:397.780895233 - ubuntu_sso.main - INFO - Setting up Ubuntu SSO service.
2016-02-23 19:17:24,420:420.738935471 - ubuntu_sso.main - INFO - Ubuntu SSO service started.
2016-02-23 19:17:24,420:420.89509964 - ubuntu_sso.account - INFO - Creating a new SSO access layer for service url u'https://login.ubuntu.com/api/1.0/'
2016-02-23 19:17:24,433:433.650970459 - ubuntu_sso.credentials - INFO - find_credentials: self.app_name dbus.String(u'Ubuntu Software Center'), result is {}? True
2016-02-23 19:17:24,433:433.834075928 - ubuntu_sso.main - INFO - 'CredentialsManagement': emitting 'CredentialsNotFound' with args (dbus.String(u'Ubuntu Software Center'),) and kwargs {}
2016-02-23 19:17:34,440:440.085887909 - ubuntu_sso.main - INFO - Shutting down, calling <function shutdown_func at 0x7f2a313a7398>.
2016-02-23 20:12:20,433:433.510065079 - ubuntu_sso.utils.translation - WARNING - Translations not found, using null translator.
2016-02-23 20:12:20,497:497.77007103 - ubuntu_sso.main - INFO - Setting up Ubuntu SSO service.
2016-02-23 20:12:20,541:541.277885437 - ubuntu_sso.main - INFO - Ubuntu SSO service started.
2016-02-23 20:12:20,541:541.430950165 - ubuntu_sso.account - INFO - Creating a new SSO access layer for service url u'https://login.ubuntu.com/api/1.0/'
2016-02-23 20:12:20,550:550.466060638 - ubuntu_sso.credentials - INFO - find_credentials: self.app_name dbus.String(u'Ubuntu Software Center'), result is {}? True
2016-02-23 20:12:20,550:550.641059875 - ubuntu_sso.main - INFO - 'CredentialsManagement': emitting 'CredentialsNotFound' with args (dbus.String(u'Ubuntu Software Center'),) and kwargs {}
2016-02-23 20:12:30,561:561.811923981 - ubuntu_sso.main - INFO - Shutting down, calling <function shutdown_func at 0x7f84a8ae2398>.
2016-02-23 20:17:21,323:323.00901413 - ubuntu_sso.utils.translation - WARNING - Translations not found, using null translator.
2016-02-23 20:17:21,343:343.30201149 - ubuntu_sso.main - INFO - Setting up Ubuntu SSO service.
2016-02-23 20:17:21,350:350.864887238 - ubuntu_sso.main - INFO - Ubuntu SSO service started.
2016-02-23 20:17:21,351:351.121902466 - ubuntu_sso.account - INFO - Creating a new SSO access layer for service url u'https://login.ubuntu.com/api/1.0/'
2016-02-23 20:17:21,355:355.323076248 - ubuntu_sso.credentials - INFO - find_credentials: self.app_name dbus.String(u'Ubuntu Software Center'), result is {}? True
2016-02-23 20:17:21,355:355.546951294 - ubuntu_sso.main - INFO - 'CredentialsManagement': emitting 'CredentialsNotFound' with args (dbus.String(u'Ubuntu Software Center'),) and kwargs {}
2016-02-23 20:17:31,365:365.267038345 - ubuntu_sso.main - INFO - Shutting down, calling <function shutdown_func at 0x7f5ad16b7398>.
2016-02-24 16:49:18,602:602.729082108 - ubuntu_sso.utils.translation - WARNING - Translations not found, using null translator.
2016-02-24 16:49:18,732:732.512950897 - ubuntu_sso.main - INFO - Setting up Ubuntu SSO service.
2016-02-24 16:49:18,773:773.108959198 - ubuntu_sso.main - INFO - Ubuntu SSO service started.
2016-02-24 16:49:18,773:773.375988007 - ubuntu_sso.account - INFO - Creating a new SSO access layer for service url u'https://login.ubuntu.com/api/1.0/'
2016-02-24 16:49:18,807:807.162046432 - ubuntu_sso.credentials - INFO - find_credentials: self.app_name dbus.String(u'Ubuntu Software Center'), result is {}? True
2016-02-24 16:49:18,807:807.162046432 - ubuntu_sso.main - INFO - 'CredentialsManagement': emitting 'CredentialsNotFound' with args (dbus.String(u'Ubuntu Software Center'),) and kwargs {}
2016-02-24 16:49:28,819:819.077014923 - ubuntu_sso.main - INFO - Shutting down, calling <function shutdown_func at 0x7faa310bd398>.
2016-02-24 16:54:19,365:365.850925446 - ubuntu_sso.utils.translation - WARNING - Translations not found, using null translator.
2016-02-24 16:54:19,397:397.594928741 - ubuntu_sso.main - INFO - Setting up Ubuntu SSO service.
2016-02-24 16:54:19,417:417.299032211 - ubuntu_sso.main - INFO - Ubuntu SSO service started.
2016-02-24 16:54:19,417:417.455911636 - ubuntu_sso.account - INFO - Creating a new SSO access layer for service url u'https://login.ubuntu.com/api/1.0/'
2016-02-24 16:54:19,426:426.242113113 - ubuntu_sso.credentials - INFO - find_credentials: self.app_name dbus.String(u'Ubuntu Software Center'), result is {}? True
2016-02-24 16:54:19,426:426.418066025 - ubuntu_sso.main - INFO - 'CredentialsManagement': emitting 'CredentialsNotFound' with args (dbus.String(u'Ubuntu Software Center'),) and kwargs {}
2016-02-24 16:54:29,439:439.157962799 - ubuntu_sso.main - INFO - Shutting down, calling <function shutdown_func at 0x7ffac0ade398>.
2016-02-24 17:04:13,410:410.156965256 - ubuntu_sso.utils.translation - WARNING - Translations not found, using null translator.
2016-02-24 17:04:13,440:440.174102783 - ubuntu_sso.main - INFO - Setting up Ubuntu SSO service.
2016-02-24 17:04:13,466:466.006040573 - ubuntu_sso.main - INFO - Ubuntu SSO service started.
2016-02-24 17:04:13,466:466.161966324 - ubuntu_sso.account - INFO - Creating a new SSO access layer for service url u'https://login.ubuntu.com/api/1.0/'
2016-02-24 17:04:13,476:476.150035858 - ubuntu_sso.credentials - INFO - find_credentials: self.app_name dbus.String(u'Ubuntu Software Center'), result is {}? True
2016-02-24 17:04:13,476:476.325035095 - ubuntu_sso.main - INFO - 'CredentialsManagement': emitting 'CredentialsNotFound' with args (dbus.String(u'Ubuntu Software Center'),) and kwargs {}
2016-02-24 17:04:23,482:482.944011688 - ubuntu_sso.main - INFO - Shutting down, calling <function shutdown_func at 0x7f67e02b7398>.
2016-02-24 17:09:13,400:400.376081467 - ubuntu_sso.utils.translation - WARNING - Translations not found, using null translator.
2016-02-24 17:09:13,434:434.765100479 - ubuntu_sso.main - INFO - Setting up Ubuntu SSO service.
2016-02-24 17:09:13,453:453.157901764 - ubuntu_sso.main - INFO - Ubuntu SSO service started.
2016-02-24 17:09:13,453:453.512907028 - ubuntu_sso.account - INFO - Creating a new SSO access layer for service url u'https://login.ubuntu.com/api/1.0/'
2016-02-24 17:09:13,461:461.139917374 - ubuntu_sso.credentials - INFO - find_credentials: self.app_name dbus.String(u'Ubuntu Software Center'), result is {}? True
2016-02-24 17:09:13,461:461.29989624 - ubuntu_sso.main - INFO - 'CredentialsManagement': emitting 'CredentialsNotFound' with args (dbus.String(u'Ubuntu Software Center'),) and kwargs {}
2016-02-24 17:09:23,472:472.208976746 - ubuntu_sso.main - INFO - Shutting down, calling <function shutdown_func at 0x7fd74b4dd398>.
