
(process:1900): GLib-CRITICAL **: g_slice_set_config: assertion 'sys_page_size == 0' failed

(firefox:1900): Gtk-CRITICAL **: IA__gtk_clipboard_set_with_data: assertion 'targets != NULL' failed
ERROR 2016-02-24 20:27:47 unity <unknown>:0 atk_object_ref_state_set: assertion 'ATK_IS_OBJECT (accessible)' failed
ERROR 2016-02-24 20:27:47 unity <unknown>:0 atk_state_set_contains_state: assertion 'ATK_IS_STATE_SET (set)' failed
ERROR 2016-02-24 20:27:47 unityy <unknown>:0 g_object_unref: assertion 'G_IS_OBJECT (object)' failed
WARN  2016-02-24 20:27:53 nux.inputmethod.ibus InputMethodIBus.cpp:63 Impossible to connect to connect to ibus
ERROR 2016-02-24 21:25:43 unity <unknown>:0 atk_object_ref_state_set: assertion 'ATK_IS_OBJECT (accessible)' failed
ERROR 2016-02-24 21:25:43 unity <unknown>:0 atk_state_set_contains_state: assertion 'ATK_IS_STATE_SET (set)' failed
ERROR 2016-02-24 21:25:43 unityy <unknown>:0 g_object_unref: assertion 'G_IS_OBJECT (object)' failed
WARN  2016-02-24 21:25:47 nux.inputmethod.ibus InputMethodIBus.cpp:63 Impossible to connect to connect to ibus

(process:20272): GLib-CRITICAL **: g_slice_set_config: assertion 'sys_page_size == 0' failed

(process:20490): GLib-CRITICAL **: g_slice_set_config: assertion 'sys_page_size == 0' failed
WARN  2016-02-24 22:01:52 unity.dash.view DashView.cpp:1252 Search failed  ''=> Timed out waiting for scope proxy connection
WARN  2016-02-24 22:01:52 unity.dash.scopeproxy ScopeProxy.cpp:516 Could not search '' on home.scope => Timed out waiting for scope proxy connection
WARN  2016-02-24 22:01:54 unity.iconloader IconLoader.cpp:755 Unable to load icon file:/// at size -1x22: 无法打开目录

(process:27766): GLib-CRITICAL **: g_slice_set_config: assertion 'sys_page_size == 0' failed

(process:28123): GLib-CRITICAL **: g_slice_set_config: assertion 'sys_page_size == 0' failed

(process:31370): GLib-CRITICAL **: g_slice_set_config: assertion 'sys_page_size == 0' failed

(process:2865): GLib-CRITICAL **: g_slice_set_config: assertion 'sys_page_size == 0' failed
WARN  2016-02-24 23:25:30 unity.launcher.icon.application ApplicationLauncherIcon.cpp:684 fork 失败(无法分配内存)
WARN  2016-02-24 23:26:00 unity.launcher.icon.application ApplicationLauncherIcon.cpp:684 fork 失败(无法分配内存)
